0 info it worked if it ends with ok
1 verbose cli [ '/usr/local/bin/node', '/usr/local/bin/npm', 'publish' ]
2 info using npm@3.10.10
3 info using node@v6.10.0
4 verbose publish [ '.' ]
5 silly cache add args [ '.', null ]
6 verbose cache add spec .
7 silly cache add parsed spec Result {
7 silly cache add   raw: '.',
7 silly cache add   scope: null,
7 silly cache add   escapedName: null,
7 silly cache add   name: null,
7 silly cache add   rawSpec: '.',
7 silly cache add   spec: '/Users/liming/Code/axios-module',
7 silly cache add   type: 'directory' }
8 verbose addLocalDirectory /Users/liming/.npm/axios-module/0.0.7/package.tgz not in flight; packing
9 verbose correctMkdir /Users/liming/.npm correctMkdir not in flight; initializing
10 info lifecycle axios-module@0.0.7~prepublish: axios-module@0.0.7
11 silly lifecycle axios-module@0.0.7~prepublish: no script for prepublish, continuing
12 verbose tar pack [ '/Users/liming/.npm/axios-module/0.0.7/package.tgz',
12 verbose tar pack   '/Users/liming/Code/axios-module' ]
13 verbose tarball /Users/liming/.npm/axios-module/0.0.7/package.tgz
14 verbose folder /Users/liming/Code/axios-module
15 verbose addLocalTarball adding from inside cache /Users/liming/.npm/axios-module/0.0.7/package.tgz
16 verbose correctMkdir /Users/liming/.npm correctMkdir not in flight; initializing
17 silly cache afterAdd axios-module@0.0.7
18 verbose afterAdd /Users/liming/.npm/axios-module/0.0.7/package/package.json not in flight; writing
19 verbose correctMkdir /Users/liming/.npm correctMkdir not in flight; initializing
20 verbose afterAdd /Users/liming/.npm/axios-module/0.0.7/package/package.json written
21 silly publish { name: 'axios-module',
21 silly publish   version: '0.0.7',
21 silly publish   description: 'a module based on axios',
21 silly publish   main: 'axios-module.js',
21 silly publish   scripts: { test: 'echo "Error: no test specified" && exit 1' },
21 silly publish   repository:
21 silly publish    { type: 'git',
21 silly publish      url: 'git+https://github.com/liming0711/http-request.git' },
21 silly publish   keywords: [ 'axios', 'vue', 'ajax' ],
21 silly publish   author: { name: '749817924@qq.com' },
21 silly publish   license: 'MIT',
21 silly publish   bugs: { url: 'https://github.com/liming0711/http-request/issues' },
21 silly publish   homepage: 'https://github.com/liming0711/http-request#readme',
21 silly publish   dependencies:
21 silly publish    { axios: '^0.17.1',
21 silly publish      nprogress: '^0.2.0',
21 silly publish      'query-string': '^5.0.1' },
21 silly publish   readme: '# http-request\na module based on axios\n',
21 silly publish   readmeFilename: 'README.md',
21 silly publish   gitHead: 'c9d317c60f702aac5c60f9b2bd9a455d2d1b9b82',
21 silly publish   _id: 'axios-module@0.0.7',
21 silly publish   _shasum: '31d589e16615a0ad8c43568d558f7eff5e63ed24',
21 silly publish   _from: '.' }
22 verbose getPublishConfig undefined
23 silly mapToRegistry name axios-module
24 silly mapToRegistry using default registry
25 silly mapToRegistry registry https://registry.npm.taobao.org/
26 silly mapToRegistry data Result {
26 silly mapToRegistry   raw: 'axios-module',
26 silly mapToRegistry   scope: null,
26 silly mapToRegistry   escapedName: 'axios-module',
26 silly mapToRegistry   name: 'axios-module',
26 silly mapToRegistry   rawSpec: '',
26 silly mapToRegistry   spec: 'latest',
26 silly mapToRegistry   type: 'tag' }
27 silly mapToRegistry uri https://registry.npm.taobao.org/axios-module
28 verbose publish registryBase https://registry.npm.taobao.org/
29 silly publish uploading /Users/liming/.npm/axios-module/0.0.7/package.tgz
30 verbose stack Error: auth required for publishing
30 verbose stack     at CachingRegistryClient.publish (/usr/local/lib/node_modules/npm/node_modules/npm-registry-client/lib/publish.js:30:14)
30 verbose stack     at /usr/local/lib/node_modules/npm/lib/publish.js:138:14
30 verbose stack     at mapToRegistry (/usr/local/lib/node_modules/npm/lib/utils/map-to-registry.js:62:3)
30 verbose stack     at publish_ (/usr/local/lib/node_modules/npm/lib/publish.js:107:3)
30 verbose stack     at Array.<anonymous> (/usr/local/lib/node_modules/npm/node_modules/slide/lib/bind-actor.js:15:8)
30 verbose stack     at LOOP (/usr/local/lib/node_modules/npm/node_modules/slide/lib/chain.js:15:14)
30 verbose stack     at LOOP (/usr/local/lib/node_modules/npm/node_modules/slide/lib/chain.js:14:28)
30 verbose stack     at chain (/usr/local/lib/node_modules/npm/node_modules/slide/lib/chain.js:20:5)
30 verbose stack     at /usr/local/lib/node_modules/npm/lib/publish.js:73:5
30 verbose stack     at RES (/usr/local/lib/node_modules/npm/node_modules/inflight/inflight.js:23:14)
31 verbose cwd /Users/liming/Code/axios-module
32 error Darwin 17.4.0
33 error argv "/usr/local/bin/node" "/usr/local/bin/npm" "publish"
34 error node v6.10.0
35 error npm  v3.10.10
36 error code ENEEDAUTH
37 error need auth auth required for publishing
38 error need auth You need to authorize this machine using `npm adduser`
39 verbose exit [ 1, true ]
